Front End /APP_DEV/COVID19LabratoryMonitoringSystem/app/build/intermediates/manifest_merge_blame_file/debug/manifest-merger-blame-debug-report.txt
1<?xml version="1.0" encoding="utf-8"?>
2<manifest xmlns:android="http://schemas.android.com/apk/res/android"
3    package="com.example.covid_19labratorymonitoringsystem"
4    android:versionCode="1"
5    android:versionName="1.0" >
6
7    <uses-sdk
8        android:minSdkVersion="16"
8-->src/main/AndroidManifest.xml
9        android:targetSdkVersion="30" />
9-->src/main/AndroidManifest.xml
10
11    <uses-permission android:name="android.permission.ACCESS_WIFI_STATE" />
11-->src/main/AndroidManifest.xml:4:5-78
11-->src/main/AndroidManifest.xml:4:22-75
12    <uses-permission android:name="android.permission.ACCESS_NETWORK_STATE" />
12-->src/main/AndroidManifest.xml:5:5-81
12-->src/main/AndroidManifest.xml:5:22-78
13    <uses-permission android:name="android.permission.INTERNET" />
13-->src/main/AndroidManifest.xml:6:5-68
13-->src/main/AndroidManifest.xml:6:22-66
14
15    <application
15-->src/main/AndroidManifest.xml:7:5-42:19
16        android:allowBackup="true"
16-->src/main/AndroidManifest.xml:8:9-35
17        android:appComponentFactory="androidx.core.app.CoreComponentFactory"
17-->[androidx.core:core:1.3.1] AndroidManifest.xml:24:18-86
18        android:debuggable="true"
19        android:icon="@mipmap/ic_launcher"
19-->src/main/AndroidManifest.xml:9:9-43
20        android:label="@string/app_name"
20-->src/main/AndroidManifest.xml:10:9-41
21        android:roundIcon="@mipmap/ic_launcher_round"
21-->src/main/AndroidManifest.xml:11:9-54
22        android:supportsRtl="true"
22-->src/main/AndroidManifest.xml:12:9-35
23        android:testOnly="true"
24        android:theme="@style/Theme.COVID19LabratoryMonitoringSystem" >
24-->src/main/AndroidManifest.xml:13:9-70
25        <activity
25-->src/main/AndroidManifest.xml:14:9-20:20
26            android:name="com.example.covid_19labratorymonitoringsystem.hq"
26-->src/main/AndroidManifest.xml:14:19-37
27            android:parentActivityName="com.example.covid_19labratorymonitoringsystem.MainActivity" >
27-->src/main/AndroidManifest.xml:15:13-55
28
29            <!-- The meta-data tag is required if you support API level 15 and lower -->
30            <meta-data
30-->src/main/AndroidManifest.xml:17:13-19:49
31                android:name="android.support.PARENT_ACTIVITY"
31-->src/main/AndroidManifest.xml:18:17-63
32                android:value=".MainActivity" />
32-->src/main/AndroidManifest.xml:19:17-46
33        </activity>
34        <activity
34-->src/main/AndroidManifest.xml:21:9-27:20
35            android:name="com.example.covid_19labratorymonitoringsystem.Lab1"
35-->src/main/AndroidManifest.xml:21:19-39
36            android:parentActivityName="com.example.covid_19labratorymonitoringsystem.MainActivity" >
36-->src/main/AndroidManifest.xml:22:13-55
37
38            <!-- The meta-data tag is required if you support API level 15 and lower -->
39            <meta-data
39-->src/main/AndroidManifest.xml:17:13-19:49
40                android:name="android.support.PARENT_ACTIVITY"
40-->src/main/AndroidManifest.xml:18:17-63
41                android:value=".MainActivity" />
41-->src/main/AndroidManifest.xml:19:17-46
42        </activity>
43        <activity
43-->src/main/AndroidManifest.xml:28:9-34:20
44            android:name="com.example.covid_19labratorymonitoringsystem.lab2"
44-->src/main/AndroidManifest.xml:28:19-39
45            android:parentActivityName="com.example.covid_19labratorymonitoringsystem.MainActivity" >
45-->src/main/AndroidManifest.xml:29:13-55
46
47            <!-- The meta-data tag is required if you support API level 15 and lower -->
48            <meta-data
48-->src/main/AndroidManifest.xml:17:13-19:49
49                android:name="android.support.PARENT_ACTIVITY"
49-->src/main/AndroidManifest.xml:18:17-63
50                android:value=".MainActivity" />
50-->src/main/AndroidManifest.xml:19:17-46
51        </activity>
52        <activity android:name="com.example.covid_19labratorymonitoringsystem.MainActivity" >
52-->src/main/AndroidManifest.xml:35:9-41:20
52-->src/main/AndroidManifest.xml:35:19-47
53            <intent-filter>
53-->src/main/AndroidManifest.xml:36:13-40:29
54                <action android:name="android.intent.action.MAIN" />
54-->src/main/AndroidManifest.xml:37:17-69
54-->src/main/AndroidManifest.xml:37:25-66
55
56                <category android:name="android.intent.category.LAUNCHER" />
56-->src/main/AndroidManifest.xml:39:17-77
56-->src/main/AndroidManifest.xml:39:27-74
57            </intent-filter>
58        </activity>
59    </application>
60
61</manifest>